==3423== Memcheck, a memory error detector
==3423== Copyright (C) 2002-2011, and GNU GPL'd, by Julian Seward et al.
==3423== Using Valgrind-3.7.0 and LibVEX; rerun with -h for copyright info
==3423== Command: ./inte
==3423== 
all set up.
==3423== 
==3423== HEAP SUMMARY:
==3423==     in use at exit: 32,768 bytes in 1 blocks
==3423==   total heap usage: 1 allocs, 0 frees, 32,768 bytes allocated
==3423== 
==3423== LEAK SUMMARY:
==3423==    definitely lost: 0 bytes in 0 blocks
==3423==    indirectly lost: 0 bytes in 0 blocks
==3423==      possibly lost: 0 bytes in 0 blocks
==3423==    still reachable: 0 bytes in 0 blocks
==3423==         suppressed: 32,768 bytes in 1 blocks
==3423== 
==3423== For counts of detected and suppressed errors, rerun with: -v
==3423== ERROR SUMMARY: 0 errors from 0 contexts (suppressed: 0 from 0)
