This file contains any messages produced by compilers while
running configure, to aid debugging if configure makes a mistake.

It was created by inte configure 1.0, which was
generated by GNU Autoconf 2.68.  Invocation command line was

  $ ./configure 

## --------- ##
## Platform. ##
## --------- ##

hostname = fox
uname -m = i686
uname -r = 3.6.11-1.fc17.i686
uname -s = Linux
uname -v = #1 SMP Mon Dec 17 22:52:59 UTC 2012

/usr/bin/uname -p = i686
/bin/uname -X     = unknown

/bin/arch              = i686
/usr/bin/arch -k       = unknown
/usr/convex/getsysinfo = unknown
/usr/bin/hostinfo      = unknown
/bin/machine           = unknown
/usr/bin/oslevel       = unknown
/bin/universe          = unknown

PATH: /home/ovidiu/perl5/bin
PATH: /home/ovidiu/perl5/bin
PATH: /usr/lib/qt-3.3/bin
PATH: /usr/local/bin
PATH: /usr/bin
PATH: /bin
PATH: /usr/local/sbin
PATH: /usr/sbin
PATH: /usr/lib/alliance/bin
PATH: /usr/libexec/sdcc
PATH: /opt/real/RealPlayer
PATH: /home/ovidiu/.local/bin
PATH: /home/ovidiu/.bin
PATH: /usr/lib/alliance/bin
PATH: /usr/libexec/sdcc
PATH: /opt/real/RealPlayer


## ----------- ##
## Core tests. ##
## ----------- ##

configure:2235: checking for g++
configure:2251: found /usr/bin/g++
configure:2262: result: g++
configure:2289: checking for C++ compiler version
configure:2298: g++ --version >&5
g++ (GCC) 4.7.2 20120921 (Red Hat 4.7.2-2)
Copyright (C) 2012 Free Software Foundation, Inc.
This is free software; see the source for copying conditions.  There is NO
warranty; not even for MERCHANTABILITY or FITNESS FOR A PARTICULAR PURPOSE.

configure:2309: $? = 0
configure:2298: g++ -v >&5
Using built-in specs.
COLLECT_GCC=g++
COLLECT_LTO_WRAPPER=/usr/libexec/gcc/i686-redhat-linux/4.7.2/lto-wrapper
Target: i686-redhat-linux
Configured with: ../configure --prefix=/usr --mandir=/usr/share/man --infodir=/usr/share/info --with-bugurl=http://bugzilla.redhat.com/bugzilla --enable-bootstrap --enable-shared --enable-threads=posix --enable-checking=release --disable-build-with-cxx --disable-build-poststage1-with-cxx --with-system-zlib --enable-__cxa_atexit --disable-libunwind-exceptions --enable-gnu-unique-object --enable-linker-build-id --with-linker-hash-style=gnu --enable-languages=c,c++,objc,obj-c++,java,fortran,ada,go,lto --enable-plugin --enable-initfini-array --enable-java-awt=gtk --disable-dssi --with-java-home=/usr/lib/jvm/java-1.5.0-gcj-1.5.0.0/jre --enable-libgcj-multifile --enable-java-maintainer-mode --with-ecj-jar=/usr/share/java/eclipse-ecj.jar --disable-libjava-multilib --with-ppl --with-cloog --with-tune=generic --with-arch=i686 --build=i686-redhat-linux
Thread model: posix
gcc version 4.7.2 20120921 (Red Hat 4.7.2-2) (GCC) 
configure:2309: $? = 0
configure:2298: g++ -V >&5
g++: error: unrecognized command line option '-V'
g++: fatal error: no input files
compilation terminated.
configure:2309: $? = 4
configure:2298: g++ -qversion >&5
g++: error: unrecognized command line option '-qversion'
g++: fatal error: no input files
compilation terminated.
configure:2309: $? = 4
configure:2329: checking whether the C++ compiler works
configure:2351: g++    conftest.cpp  >&5
configure:2355: $? = 0
configure:2403: result: yes
configure:2406: checking for C++ compiler default output file name
configure:2408: result: a.out
configure:2414: checking for suffix of executables
configure:2421: g++ -o conftest    conftest.cpp  >&5
configure:2425: $? = 0
configure:2447: result: 
configure:2469: checking whether we are cross compiling
configure:2477: g++ -o conftest    conftest.cpp  >&5
configure:2481: $? = 0
configure:2488: ./conftest
configure:2492: $? = 0
configure:2507: result: no
configure:2512: checking for suffix of object files
configure:2534: g++ -c   conftest.cpp >&5
configure:2538: $? = 0
configure:2559: result: o
configure:2563: checking whether we are using the GNU C++ compiler
configure:2582: g++ -c   conftest.cpp >&5
configure:2582: $? = 0
configure:2591: result: yes
configure:2600: checking whether g++ accepts -g
configure:2620: g++ -c -g  conftest.cpp >&5
configure:2620: $? = 0
configure:2661: result: yes
configure:2727: checking for a BSD-compatible install
configure:2795: result: /usr/bin/install -c
configure:2806: checking whether ln -s works
configure:2810: result: yes
configure:2865: checking for gcc
configure:2881: found /usr/bin/gcc
configure:2892: result: gcc
configure:3121: checking for C compiler version
configure:3130: gcc --version >&5
gcc (GCC) 4.7.2 20120921 (Red Hat 4.7.2-2)
Copyright (C) 2012 Free Software Foundation, Inc.
This is free software; see the source for copying conditions.  There is NO
warranty; not even for MERCHANTABILITY or FITNESS FOR A PARTICULAR PURPOSE.

configure:3141: $? = 0
configure:3130: gcc -v >&5
Using built-in specs.
COLLECT_GCC=gcc
COLLECT_LTO_WRAPPER=/usr/libexec/gcc/i686-redhat-linux/4.7.2/lto-wrapper
Target: i686-redhat-linux
Configured with: ../configure --prefix=/usr --mandir=/usr/share/man --infodir=/usr/share/info --with-bugurl=http://bugzilla.redhat.com/bugzilla --enable-bootstrap --enable-shared --enable-threads=posix --enable-checking=release --disable-build-with-cxx --disable-build-poststage1-with-cxx --with-system-zlib --enable-__cxa_atexit --disable-libunwind-exceptions --enable-gnu-unique-object --enable-linker-build-id --with-linker-hash-style=gnu --enable-languages=c,c++,objc,obj-c++,java,fortran,ada,go,lto --enable-plugin --enable-initfini-array --enable-java-awt=gtk --disable-dssi --with-java-home=/usr/lib/jvm/java-1.5.0-gcj-1.5.0.0/jre --enable-libgcj-multifile --enable-java-maintainer-mode --with-ecj-jar=/usr/share/java/eclipse-ecj.jar --disable-libjava-multilib --with-ppl --with-cloog --with-tune=generic --with-arch=i686 --build=i686-redhat-linux
Thread model: posix
gcc version 4.7.2 20120921 (Red Hat 4.7.2-2) (GCC) 
configure:3141: $? = 0
configure:3130: gcc -V >&5
gcc: error: unrecognized command line option '-V'
gcc: fatal error: no input files
compilation terminated.
configure:3141: $? = 4
configure:3130: gcc -qversion >&5
gcc: error: unrecognized command line option '-qversion'
gcc: fatal error: no input files
compilation terminated.
configure:3141: $? = 4
configure:3145: checking whether we are using the GNU C compiler
configure:3164: gcc -c   conftest.c >&5
configure:3164: $? = 0
configure:3173: result: yes
configure:3182: checking whether gcc accepts -g
configure:3202: gcc -c -g  conftest.c >&5
configure:3202: $? = 0
configure:3243: result: yes
configure:3260: checking for gcc option to accept ISO C89
configure:3324: gcc  -c -g -O2  conftest.c >&5
configure:3324: $? = 0
configure:3337: result: none needed
configure:3361: checking for main in -lcolt
configure:3380: gcc -o conftest -g -O2   conftest.c -lcolt   >&5
/usr/bin/ld: cannot find -lcolt
collect2: error: ld returned 1 exit status
configure:3380: $? = 1
configure: failed program was:
| /* confdefs.h */
| #define PACKAGE_NAME "inte"
| #define PACKAGE_TARNAME "inte"
| #define PACKAGE_VERSION "1.0"
| #define PACKAGE_STRING "inte 1.0"
| #define PACKAGE_BUGREPORT "bogat_ovidiu@hotmail.com"
| #define PACKAGE_URL ""
| /* end confdefs.h.  */
| 
| 
| int
| main ()
| {
| return main ();
|   ;
|   return 0;
| }
configure:3389: result: no
configure:3407: checking how to run the C preprocessor
configure:3438: gcc -E  conftest.c
configure:3438: $? = 0
configure:3452: gcc -E  conftest.c
conftest.c:9:28: fatal error: ac_nonexistent.h: No such file or directory
compilation terminated.
configure:3452: $? = 1
configure: failed program was:
| /* confdefs.h */
| #define PACKAGE_NAME "inte"
| #define PACKAGE_TARNAME "inte"
| #define PACKAGE_VERSION "1.0"
| #define PACKAGE_STRING "inte 1.0"
| #define PACKAGE_BUGREPORT "bogat_ovidiu@hotmail.com"
| #define PACKAGE_URL ""
| /* end confdefs.h.  */
| #include <ac_nonexistent.h>
configure:3477: result: gcc -E
configure:3497: gcc -E  conftest.c
configure:3497: $? = 0
configure:3511: gcc -E  conftest.c
conftest.c:9:28: fatal error: ac_nonexistent.h: No such file or directory
compilation terminated.
configure:3511: $? = 1
configure: failed program was:
| /* confdefs.h */
| #define PACKAGE_NAME "inte"
| #define PACKAGE_TARNAME "inte"
| #define PACKAGE_VERSION "1.0"
| #define PACKAGE_STRING "inte 1.0"
| #define PACKAGE_BUGREPORT "bogat_ovidiu@hotmail.com"
| #define PACKAGE_URL ""
| /* end confdefs.h.  */
| #include <ac_nonexistent.h>
configure:3540: checking for grep that handles long lines and -e
configure:3598: result: /usr/bin/grep
configure:3603: checking for egrep
configure:3665: result: /usr/bin/grep -E
configure:3670: checking for ANSI C header files
configure:3690: gcc -c -g -O2  conftest.c >&5
configure:3690: $? = 0
configure:3763: gcc -o conftest -g -O2   conftest.c  >&5
configure:3763: $? = 0
configure:3763: ./conftest
configure:3763: $? = 0
configure:3774: result: yes
configure:3787: checking for sys/types.h
configure:3787: gcc -c -g -O2  conftest.c >&5
configure:3787: $? = 0
configure:3787: result: yes
configure:3787: checking for sys/stat.h
configure:3787: gcc -c -g -O2  conftest.c >&5
configure:3787: $? = 0
configure:3787: result: yes
configure:3787: checking for stdlib.h
configure:3787: gcc -c -g -O2  conftest.c >&5
configure:3787: $? = 0
configure:3787: result: yes
configure:3787: checking for string.h
configure:3787: gcc -c -g -O2  conftest.c >&5
configure:3787: $? = 0
configure:3787: result: yes
configure:3787: checking for memory.h
configure:3787: gcc -c -g -O2  conftest.c >&5
configure:3787: $? = 0
configure:3787: result: yes
configure:3787: checking for strings.h
configure:3787: gcc -c -g -O2  conftest.c >&5
configure:3787: $? = 0
configure:3787: result: yes
configure:3787: checking for inttypes.h
configure:3787: gcc -c -g -O2  conftest.c >&5
configure:3787: $? = 0
configure:3787: result: yes
configure:3787: checking for stdint.h
configure:3787: gcc -c -g -O2  conftest.c >&5
configure:3787: $? = 0
configure:3787: result: yes
configure:3787: checking for unistd.h
configure:3787: gcc -c -g -O2  conftest.c >&5
configure:3787: $? = 0
configure:3787: result: yes
configure:3802: checking for stdlib.h
configure:3802: result: yes
configure:3802: checking for string.h
configure:3802: result: yes
configure:3802: checking sys/ioctl.h usability
configure:3802: gcc -c -g -O2  conftest.c >&5
configure:3802: $? = 0
configure:3802: result: yes
configure:3802: checking sys/ioctl.h presence
configure:3802: gcc -E  conftest.c
configure:3802: $? = 0
configure:3802: result: yes
configure:3802: checking for sys/ioctl.h
configure:3802: result: yes
configure:3802: checking sys/socket.h usability
configure:3802: gcc -c -g -O2  conftest.c >&5
configure:3802: $? = 0
configure:3802: result: yes
configure:3802: checking sys/socket.h presence
configure:3802: gcc -E  conftest.c
configure:3802: $? = 0
configure:3802: result: yes
configure:3802: checking for sys/socket.h
configure:3802: result: yes
configure:3802: checking for unistd.h
configure:3802: result: yes
configure:3814: checking for pid_t
configure:3814: gcc -c -g -O2  conftest.c >&5
configure:3814: $? = 0
configure:3814: gcc -c -g -O2  conftest.c >&5
conftest.c: In function 'main':
conftest.c:60:20: error: expected expression before ')' token
configure:3814: $? = 1
configure: failed program was:
| /* confdefs.h */
| #define PACKAGE_NAME "inte"
| #define PACKAGE_TARNAME "inte"
| #define PACKAGE_VERSION "1.0"
| #define PACKAGE_STRING "inte 1.0"
| #define PACKAGE_BUGREPORT "bogat_ovidiu@hotmail.com"
| #define PACKAGE_URL ""
| #define STDC_HEADERS 1
| #define HAVE_SYS_TYPES_H 1
| #define HAVE_SYS_STAT_H 1
| #define HAVE_STDLIB_H 1
| #define HAVE_STRING_H 1
| #define HAVE_MEMORY_H 1
| #define HAVE_STRINGS_H 1
| #define HAVE_INTTYPES_H 1
| #define HAVE_STDINT_H 1
| #define HAVE_UNISTD_H 1
| #define HAVE_STDLIB_H 1
| #define HAVE_STRING_H 1
| #define HAVE_SYS_IOCTL_H 1
| #define HAVE_SYS_SOCKET_H 1
| #define HAVE_UNISTD_H 1
| /* end confdefs.h.  */
| #include <stdio.h>
| #ifdef HAVE_SYS_TYPES_H
| # include <sys/types.h>
| #endif
| #ifdef HAVE_SYS_STAT_H
| # include <sys/stat.h>
| #endif
| #ifdef STDC_HEADERS
| # include <stdlib.h>
| # include <stddef.h>
| #else
| # ifdef HAVE_STDLIB_H
| #  include <stdlib.h>
| # endif
| #endif
| #ifdef HAVE_STRING_H
| # if !defined STDC_HEADERS && defined HAVE_MEMORY_H
| #  include <memory.h>
| # endif
| # include <string.h>
| #endif
| #ifdef HAVE_STRINGS_H
| # include <strings.h>
| #endif
| #ifdef HAVE_INTTYPES_H
| # include <inttypes.h>
| #endif
| #ifdef HAVE_STDINT_H
| # include <stdint.h>
| #endif
| #ifdef HAVE_UNISTD_H
| # include <unistd.h>
| #endif
| int
| main ()
| {
| if (sizeof ((pid_t)))
| 	    return 0;
|   ;
|   return 0;
| }
configure:3814: result: yes
configure:3829: checking vfork.h usability
configure:3829: gcc -c -g -O2  conftest.c >&5
conftest.c:57:19: fatal error: vfork.h: No such file or directory
compilation terminated.
configure:3829: $? = 1
configure: failed program was:
| /* confdefs.h */
| #define PACKAGE_NAME "inte"
| #define PACKAGE_TARNAME "inte"
| #define PACKAGE_VERSION "1.0"
| #define PACKAGE_STRING "inte 1.0"
| #define PACKAGE_BUGREPORT "bogat_ovidiu@hotmail.com"
| #define PACKAGE_URL ""
| #define STDC_HEADERS 1
| #define HAVE_SYS_TYPES_H 1
| #define HAVE_SYS_STAT_H 1
| #define HAVE_STDLIB_H 1
| #define HAVE_STRING_H 1
| #define HAVE_MEMORY_H 1
| #define HAVE_STRINGS_H 1
| #define HAVE_INTTYPES_H 1
| #define HAVE_STDINT_H 1
| #define HAVE_UNISTD_H 1
| #define HAVE_STDLIB_H 1
| #define HAVE_STRING_H 1
| #define HAVE_SYS_IOCTL_H 1
| #define HAVE_SYS_SOCKET_H 1
| #define HAVE_UNISTD_H 1
| /* end confdefs.h.  */
| #include <stdio.h>
| #ifdef HAVE_SYS_TYPES_H
| # include <sys/types.h>
| #endif
| #ifdef HAVE_SYS_STAT_H
| # include <sys/stat.h>
| #endif
| #ifdef STDC_HEADERS
| # include <stdlib.h>
| # include <stddef.h>
| #else
| # ifdef HAVE_STDLIB_H
| #  include <stdlib.h>
| # endif
| #endif
| #ifdef HAVE_STRING_H
| # if !defined STDC_HEADERS && defined HAVE_MEMORY_H
| #  include <memory.h>
| # endif
| # include <string.h>
| #endif
| #ifdef HAVE_STRINGS_H
| # include <strings.h>
| #endif
| #ifdef HAVE_INTTYPES_H
| # include <inttypes.h>
| #endif
| #ifdef HAVE_STDINT_H
| # include <stdint.h>
| #endif
| #ifdef HAVE_UNISTD_H
| # include <unistd.h>
| #endif
| #include <vfork.h>
configure:3829: result: no
configure:3829: checking vfork.h presence
configure:3829: gcc -E  conftest.c
conftest.c:24:19: fatal error: vfork.h: No such file or directory
compilation terminated.
configure:3829: $? = 1
configure: failed program was:
| /* confdefs.h */
| #define PACKAGE_NAME "inte"
| #define PACKAGE_TARNAME "inte"
| #define PACKAGE_VERSION "1.0"
| #define PACKAGE_STRING "inte 1.0"
| #define PACKAGE_BUGREPORT "bogat_ovidiu@hotmail.com"
| #define PACKAGE_URL ""
| #define STDC_HEADERS 1
| #define HAVE_SYS_TYPES_H 1
| #define HAVE_SYS_STAT_H 1
| #define HAVE_STDLIB_H 1
| #define HAVE_STRING_H 1
| #define HAVE_MEMORY_H 1
| #define HAVE_STRINGS_H 1
| #define HAVE_INTTYPES_H 1
| #define HAVE_STDINT_H 1
| #define HAVE_UNISTD_H 1
| #define HAVE_STDLIB_H 1
| #define HAVE_STRING_H 1
| #define HAVE_SYS_IOCTL_H 1
| #define HAVE_SYS_SOCKET_H 1
| #define HAVE_UNISTD_H 1
| /* end confdefs.h.  */
| #include <vfork.h>
configure:3829: result: no
configure:3829: checking for vfork.h
configure:3829: result: no
configure:3842: checking for fork
configure:3842: gcc -o conftest -g -O2   conftest.c  >&5
conftest.c:47:6: warning: conflicting types for built-in function 'fork' [enabled by default]
configure:3842: $? = 0
configure:3842: result: yes
configure:3842: checking for vfork
configure:3842: gcc -o conftest -g -O2   conftest.c  >&5
configure:3842: $? = 0
configure:3842: result: yes
configure:3852: checking for working fork
configure:3874: gcc -o conftest -g -O2   conftest.c  >&5
configure:3874: $? = 0
configure:3874: ./conftest
configure:3874: $? = 0
configure:3884: result: yes
configure:3905: checking for working vfork
configure:4015: result: yes
configure:4042: checking for stdlib.h
configure:4042: result: yes
configure:4052: checking for GNU libc compatible malloc
configure:4076: gcc -o conftest -g -O2   conftest.c  >&5
configure:4076: $? = 0
configure:4076: ./conftest
configure:4076: $? = 0
configure:4086: result: yes
configure:4110: checking for mkdir
configure:4110: gcc -o conftest -g -O2   conftest.c  >&5
configure:4110: $? = 0
configure:4110: result: yes
configure:4110: checking for rmdir
configure:4110: gcc -o conftest -g -O2   conftest.c  >&5
configure:4110: $? = 0
configure:4110: result: yes
configure:4110: checking for strdup
configure:4110: gcc -o conftest -g -O2   conftest.c  >&5
conftest.c:55:6: warning: conflicting types for built-in function 'strdup' [enabled by default]
configure:4110: $? = 0
configure:4110: result: yes
configure:4236: creating ./config.status

## ---------------------- ##
## Running config.status. ##
## ---------------------- ##

This file was extended by inte config.status 1.0, which was
generated by GNU Autoconf 2.68.  Invocation command line was

  CONFIG_FILES    = 
  CONFIG_HEADERS  = 
  CONFIG_LINKS    = 
  CONFIG_COMMANDS = 
  $ ./config.status 

on fox

config.status:832: creating Makefile
config.status:832: creating src/Makefile
config.status:832: creating config.h
config.status:1007: config.h is unchanged

## ---------------- ##
## Cache variables. ##
## ---------------- ##

ac_cv_c_compiler_gnu=yes
ac_cv_cxx_compiler_gnu=yes
ac_cv_env_CCC_set=
ac_cv_env_CCC_value=
ac_cv_env_CC_set=
ac_cv_env_CC_value=
ac_cv_env_CFLAGS_set=
ac_cv_env_CFLAGS_value=
ac_cv_env_CPPFLAGS_set=
ac_cv_env_CPPFLAGS_value=
ac_cv_env_CPP_set=
ac_cv_env_CPP_value=
ac_cv_env_CXXFLAGS_set=
ac_cv_env_CXXFLAGS_value=
ac_cv_env_CXX_set=
ac_cv_env_CXX_value=
ac_cv_env_LDFLAGS_set=
ac_cv_env_LDFLAGS_value=
ac_cv_env_LIBS_set=
ac_cv_env_LIBS_value=
ac_cv_env_build_alias_set=
ac_cv_env_build_alias_value=
ac_cv_env_host_alias_set=
ac_cv_env_host_alias_value=
ac_cv_env_target_alias_set=
ac_cv_env_target_alias_value=
ac_cv_func_fork=yes
ac_cv_func_fork_works=yes
ac_cv_func_malloc_0_nonnull=yes
ac_cv_func_mkdir=yes
ac_cv_func_rmdir=yes
ac_cv_func_strdup=yes
ac_cv_func_vfork=yes
ac_cv_func_vfork_works=yes
ac_cv_header_inttypes_h=yes
ac_cv_header_memory_h=yes
ac_cv_header_stdc=yes
ac_cv_header_stdint_h=yes
ac_cv_header_stdlib_h=yes
ac_cv_header_string_h=yes
ac_cv_header_strings_h=yes
ac_cv_header_sys_ioctl_h=yes
ac_cv_header_sys_socket_h=yes
ac_cv_header_sys_stat_h=yes
ac_cv_header_sys_types_h=yes
ac_cv_header_unistd_h=yes
ac_cv_header_vfork_h=no
ac_cv_lib_colt_main=no
ac_cv_objext=o
ac_cv_path_EGREP='/usr/bin/grep -E'
ac_cv_path_GREP=/usr/bin/grep
ac_cv_path_install='/usr/bin/install -c'
ac_cv_prog_CPP='gcc -E'
ac_cv_prog_ac_ct_CC=gcc
ac_cv_prog_ac_ct_CXX=g++
ac_cv_prog_cc_c89=
ac_cv_prog_cc_g=yes
ac_cv_prog_cxx_g=yes
ac_cv_type_pid_t=yes

## ----------------- ##
## Output variables. ##
## ----------------- ##

CC='gcc'
CFLAGS='-g -O2'
CPP='gcc -E'
CPPFLAGS=''
CXX='g++'
CXXFLAGS='-g -O2'
DEFS='-DHAVE_CONFIG_H'
ECHO_C=''
ECHO_N='-n'
ECHO_T=''
EGREP='/usr/bin/grep -E'
EXEEXT=''
GREP='/usr/bin/grep'
INSTALL_DATA='${INSTALL} -m 644'
INSTALL_PROGRAM='${INSTALL}'
INSTALL_SCRIPT='${INSTALL}'
LDFLAGS=''
LIBOBJS=''
LIBS=''
LN_S='ln -s'
LTLIBOBJS=''
OBJEXT='o'
PACKAGE_BUGREPORT='bogat_ovidiu@hotmail.com'
PACKAGE_NAME='inte'
PACKAGE_STRING='inte 1.0'
PACKAGE_TARNAME='inte'
PACKAGE_URL=''
PACKAGE_VERSION='1.0'
PATH_SEPARATOR=':'
SHELL='/bin/sh'
ac_ct_CC='gcc'
ac_ct_CXX='g++'
bindir='${exec_prefix}/bin'
build_alias=''
datadir='${datarootdir}'
datarootdir='${prefix}/share'
docdir='${datarootdir}/doc/${PACKAGE_TARNAME}'
dvidir='${docdir}'
exec_prefix='${prefix}'
host_alias=''
htmldir='${docdir}'
includedir='${prefix}/include'
infodir='${datarootdir}/info'
libdir='${exec_prefix}/lib'
libexecdir='${exec_prefix}/libexec'
localedir='${datarootdir}/locale'
localstatedir='${prefix}/var'
mandir='${datarootdir}/man'
oldincludedir='/usr/include'
pdfdir='${docdir}'
prefix='/usr/local'
program_transform_name='s,x,x,'
psdir='${docdir}'
sbindir='${exec_prefix}/sbin'
sharedstatedir='${prefix}/com'
sysconfdir='${prefix}/etc'
target_alias=''

## ----------- ##
## confdefs.h. ##
## ----------- ##

/* confdefs.h */
#define PACKAGE_NAME "inte"
#define PACKAGE_TARNAME "inte"
#define PACKAGE_VERSION "1.0"
#define PACKAGE_STRING "inte 1.0"
#define PACKAGE_BUGREPORT "bogat_ovidiu@hotmail.com"
#define PACKAGE_URL ""
#define STDC_HEADERS 1
#define HAVE_SYS_TYPES_H 1
#define HAVE_SYS_STAT_H 1
#define HAVE_STDLIB_H 1
#define HAVE_STRING_H 1
#define HAVE_MEMORY_H 1
#define HAVE_STRINGS_H 1
#define HAVE_INTTYPES_H 1
#define HAVE_STDINT_H 1
#define HAVE_UNISTD_H 1
#define HAVE_STDLIB_H 1
#define HAVE_STRING_H 1
#define HAVE_SYS_IOCTL_H 1
#define HAVE_SYS_SOCKET_H 1
#define HAVE_UNISTD_H 1
#define HAVE_FORK 1
#define HAVE_VFORK 1
#define HAVE_WORKING_VFORK 1
#define HAVE_WORKING_FORK 1
#define HAVE_STDLIB_H 1
#define HAVE_MALLOC 1
#define HAVE_MKDIR 1
#define HAVE_RMDIR 1
#define HAVE_STRDUP 1

configure: exit 0
